#
# There is insufficient memory for the Java Runtime Environment to continue.
# Native memory allocation (mmap) failed to map 65011712 bytes for G1 virtual space
# Possible reasons:
#   The system is out of physical RAM or swap space
#   The process is running with CompressedOops enabled, and the Java Heap may be blocking the growth of the native heap
# Possible solutions:
#   Reduce memory load on the system
#   Increase physical memory or swap space
#   Check if swap backing store is full
#   Decrease Java heap size (-Xmx/-Xms)
#   Decrease number of Java threads
#   Decrease Java thread stack sizes (-Xss)
#   Set larger code cache with -XX:ReservedCodeCacheSize=
#   JVM is running with Unscaled Compressed Oops mode in which the Java heap is
#     placed in the first 4GB address space. The Java Heap base address is the
#     maximum limit for the native heap growth. Please use -XX:HeapBaseMinAddress
#     to set the Java Heap base and to place the Java Heap above 4GB virtual address.
# This output file may be truncated or incomplete.
#
#  Out of Memory Error (os_windows.cpp:3469), pid=2080, tid=21388
#
# JRE version: Java(TM) SE Runtime Environment (17.0.1+12) (build 17.0.1+12-LTS-39)
# Java VM: Java HotSpot(TM) 64-Bit Server VM (17.0.1+12-LTS-39, mixed mode, emulated-client, sharing, tiered, compressed oops, compressed class ptrs, g1 gc, windows-amd64)
# No core dump will be written. Minidumps are not enabled by default on client versions of Windows
#

---------------  S U M M A R Y ------------

Command Line: -XX:TieredStopAtLevel=1 co.com.sofka.calendar.CalendarApplication

Host: Intel(R) Core(TM) i7-7500U CPU @ 2.70GHz, 4 cores, 7G,  Windows 10 , 64 bit Build 19041 (10.0.19041.1348)
Time: Fri Dec 10 18:07:44 2021 Hora est. Pacífico, Sudamérica elapsed time: 5.192198 seconds (0d 0h 0m 5s)

---------------  T H R E A D  ---------------

Current thread (0x0000013ac6ce8810):  VMThread "VM Thread" [stack: 0x0000002b44000000,0x0000002b44100000] [id=21388]

Stack: [0x0000002b44000000,0x0000002b44100000]
Native frames: (J=compiled Java code, j=interpreted, Vv=VM code, C=native code)
V  [jvm.dll+0x66fa1a]
V  [jvm.dll+0x7ce5a4]
V  [jvm.dll+0x7cfd4e]
V  [jvm.dll+0x7d03b3]
V  [jvm.dll+0x242b05]
V  [jvm.dll+0x66ca39]
V  [jvm.dll+0x661502]
V  [jvm.dll+0x30081b]
V  [jvm.dll+0x307da6]
V  [jvm.dll+0x357a1e]
V  [jvm.dll+0x357c4f]
V  [jvm.dll+0x2d7ad8]
V  [jvm.dll+0x2dab56]
V  [jvm.dll+0x2e5198]
V  [jvm.dll+0x318f20]
V  [jvm.dll+0x7d484b]
V  [jvm.dll+0x7d5584]
V  [jvm.dll+0x7d5a9c]
V  [jvm.dll+0x7d5e74]
V  [jvm.dll+0x7d5f40]
V  [jvm.dll+0x77e91a]
V  [jvm.dll+0x66e845]
C  [ucrtbase.dll+0x21bb2]
C  [KERNEL32.DLL+0x17034]
C  [ntdll.dll+0x52651]

VM_Operation (0x0000002b43cff7b0): G1Concurrent, mode: safepoint, requested by thread 0x0000013ab56684c0


---------------  P R O C E S S  ---------------

Threads class SMR info:
_java_thread_list=0x0000013ac9a2b530, length=36, elements={
0x0000013ac6cedac0, 0x0000013ac6ceefe0, 0x0000013ac6d06000, 0x0000013ac6d06ac0,
0x0000013ac6d09c30, 0x0000013ac6d0a4f0, 0x0000013ac6d0ae60, 0x0000013ac6d0bf00,
0x0000013ac78598c0, 0x0000013ac7870ce0, 0x0000013ac7881490, 0x0000013ac7ddf340,
0x0000013ac9695ed0, 0x0000013ac97d6060, 0x0000013ac980d030, 0x0000013ac99cb980,
0x0000013ac99ee040, 0x0000013ac7fac2f0, 0x0000013ac970b290, 0x0000013ac970b760,
0x0000013ac9aaf850, 0x0000013ac9aafd20, 0x0000013ac9b53d20, 0x0000013ac9b54b90,
0x0000013ac9b51b70, 0x0000013ac9b529e0, 0x0000013ac9b541f0, 0x0000013ac9b546c0,
0x0000013ac9b52040, 0x0000013ac9b52510, 0x0000013ac9b52eb0, 0x0000013ac9b53380,
0x0000013ac9b53850, 0x0000013ac9b55060, 0x0000013ac9b55530, 0x0000013ac9c51a30
}

Java Threads: ( => current thread )
  0x0000013ac6cedac0 JavaThread "Reference Handler" daemon [_thread_blocked, id=21244, stack(0x0000002b44100000,0x0000002b44200000)]
  0x0000013ac6ceefe0 JavaThread "Finalizer" daemon [_thread_blocked, id=17176, stack(0x0000002b44200000,0x0000002b44300000)]
  0x0000013ac6d06000 JavaThread "Signal Dispatcher" daemon [_thread_blocked, id=12556, stack(0x0000002b44300000,0x0000002b44400000)]
  0x0000013ac6d06ac0 JavaThread "Attach Listener" daemon [_thread_blocked, id=3196, stack(0x0000002b44400000,0x0000002b44500000)]
  0x0000013ac6d09c30 JavaThread "Service Thread" daemon [_thread_blocked, id=16784, stack(0x0000002b44500000,0x0000002b44600000)]
  0x0000013ac6d0a4f0 JavaThread "Monitor Deflation Thread" daemon [_thread_blocked, id=16528, stack(0x0000002b44600000,0x0000002b44700000)]
  0x0000013ac6d0ae60 JavaThread "C1 CompilerThread0" daemon [_thread_blocked, id=4252, stack(0x0000002b44700000,0x0000002b44800000)]
  0x0000013ac6d0bf00 JavaThread "Sweeper thread" daemon [_thread_blocked, id=11480, stack(0x0000002b44800000,0x0000002b44900000)]
  0x0000013ac78598c0 JavaThread "C1 CompilerThread1" daemon [_thread_blocked, id=16028, stack(0x0000002b44900000,0x0000002b44a00000)]
  0x0000013ac7870ce0 JavaThread "Notification Thread" daemon [_thread_blocked, id=2600, stack(0x0000002b44a00000,0x0000002b44b00000)]
  0x0000013ac7881490 JavaThread "Common-Cleaner" daemon [_thread_blocked, id=20784, stack(0x0000002b44c00000,0x0000002b44d00000)]
  0x0000013ac7ddf340 JavaThread "C1 CompilerThread2" daemon [_thread_blocked, id=10320, stack(0x0000002b44d00000,0x0000002b44e00000)]
  0x0000013ac9695ed0 JavaThread "boundedElastic-evictor-1" daemon [_thread_blocked, id=8416, stack(0x0000002b45100000,0x0000002b45200000)]
  0x0000013ac97d6060 JavaThread "Thread-1" daemon [_thread_in_native, id=13176, stack(0x0000002b45200000,0x0000002b45300000)]
  0x0000013ac980d030 JavaThread "cluster-ClusterId{value='61b3ddbf6b4c8b14cd3a52fa', description='null'}-srv-cluster0.ybtna.mongodb.net" daemon [_thread_blocked, id=21160, stack(0x0000002b45300000,0x0000002b45400000)]
  0x0000013ac99cb980 JavaThread "AsyncGetter-2-thread-1" daemon [_thread_blocked, id=18112, stack(0x0000002b45400000,0x0000002b45500000)]
  0x0000013ac99ee040 JavaThread "cluster-ClusterId{value='61b3ddbf6b4c8b14cd3a52fa', description='null'}-cluster0-shard-00-00.ybtna.mongodb.net:27017" daemon [_thread_blocked, id=15712, stack(0x0000002b45500000,0x0000002b45600000)]
  0x0000013ac7fac2f0 JavaThread "cluster-rtt-ClusterId{value='61b3ddbf6b4c8b14cd3a52fa', description='null'}-cluster0-shard-00-00.ybtna.mongodb.net:27017" daemon [_thread_blocked, id=11504, stack(0x0000002b45600000,0x0000002b45700000)]
  0x0000013ac970b290 JavaThread "AsyncGetter-4-thread-1" daemon [_thread_blocked, id=8940, stack(0x0000002b45700000,0x0000002b45800000)]
  0x0000013ac970b760 JavaThread "cluster-ClusterId{value='61b3ddbf6b4c8b14cd3a52fa', description='null'}-cluster0-shard-00-01.ybtna.mongodb.net:27017" daemon [_thread_blocked, id=5148, stack(0x0000002b45800000,0x0000002b45900000)]
  0x0000013ac9aaf850 JavaThread "cluster-rtt-ClusterId{value='61b3ddbf6b4c8b14cd3a52fa', description='null'}-cluster0-shard-00-01.ybtna.mongodb.net:27017" daemon [_thread_blocked, id=1432, stack(0x0000002b45900000,0x0000002b45a00000)]
  0x0000013ac9aafd20 JavaThread "AsyncGetter-6-thread-1" daemon [_thread_blocked, id=13472, stack(0x0000002b45a00000,0x0000002b45b00000)]
  0x0000013ac9b53d20 JavaThread "cluster-ClusterId{value='61b3ddbf6b4c8b14cd3a52fa', description='null'}-cluster0-shard-00-02.ybtna.mongodb.net:27017" daemon [_thread_blocked, id=13996, stack(0x0000002b45b00000,0x0000002b45c00000)]
  0x0000013ac9b54b90 JavaThread "cluster-rtt-ClusterId{value='61b3ddbf6b4c8b14cd3a52fa', description='null'}-cluster0-shard-00-02.ybtna.mongodb.net:27017" daemon [_thread_blocked, id=5948, stack(0x0000002b45c00000,0x0000002b45d00000)]
  0x0000013ac9b51b70 JavaThread "nioEventLoopGroup-3-3" [_thread_blocked, id=9708, stack(0x0000002b45d00000,0x0000002b45e00000)]
  0x0000013ac9b529e0 JavaThread "nioEventLoopGroup-3-4" [_thread_in_native, id=20292, stack(0x0000002b45e00000,0x0000002b45f00000)]
  0x0000013ac9b541f0 JavaThread "nioEventLoopGroup-3-1" [_thread_blocked, id=504, stack(0x0000002b45f00000,0x0000002b46000000)]
  0x0000013ac9b546c0 JavaThread "nioEventLoopGroup-3-2" [_thread_blocked, id=16000, stack(0x0000002b46000000,0x0000002b46100000)]
  0x0000013ac9b52040 JavaThread "nioEventLoopGroup-3-5" [_thread_blocked, id=15508, stack(0x0000002b46100000,0x0000002b46200000)]
  0x0000013ac9b52510 JavaThread "nioEventLoopGroup-3-6" [_thread_blocked, id=7076, stack(0x0000002b46200000,0x0000002b46300000)]
  0x0000013ac9b52eb0 JavaThread "reactor-http-nio-1" daemon [_thread_in_native, id=16880, stack(0x0000002b46300000,0x0000002b46400000)]
  0x0000013ac9b53380 JavaThread "server" [_thread_blocked, id=19580, stack(0x0000002b46400000,0x0000002b46500000)]
  0x0000013ac9b53850 JavaThread "DestroyJavaVM" [_thread_blocked, id=20628, stack(0x0000002b43a00000,0x0000002b43b00000)]
  0x0000013ac9b55060 JavaThread "reactor-http-nio-2" daemon [_thread_blocked, id=17184, stack(0x0000002b46500000,0x0000002b46600000)]
  0x0000013ac9b55530 JavaThread "reactor-http-nio-3" daemon [_thread_in_native, id=20004, stack(0x0000002b46600000,0x0000002b46700000)]
  0x0000013ac9c51a30 JavaThread "reactor-http-nio-4" daemon [_thread_in_native, id=15396, stack(0x0000002b46700000,0x0000002b46800000)]

Other Threads:
=>0x0000013ac6ce8810 VMThread "VM Thread" [stack: 0x0000002b44000000,0x0000002b44100000] [id=21388]
  0x0000013ac7880840 WatcherThread [stack: 0x0000002b44b00000,0x0000002b44c00000] [id=18892]
  0x0000013ab56568e0 GCTaskThread "GC Thread#0" [stack: 0x0000002b43b00000,0x0000002b43c00000] [id=10884]
  0x0000013ac7e89500 GCTaskThread "GC Thread#1" [stack: 0x0000002b44e00000,0x0000002b44f00000] [id=21500]
  0x0000013ac7e897b0 GCTaskThread "GC Thread#2" [stack: 0x0000002b44f00000,0x0000002b45000000] [id=18960]
  0x0000013ac7ea0d10 GCTaskThread "GC Thread#3" [stack: 0x0000002b45000000,0x0000002b45100000] [id=1372]
  0x0000013ab56684c0 ConcurrentGCThread "G1 Main Marker" [stack: 0x0000002b43c00000,0x0000002b43d00000] [id=16948]
  0x0000013ab5669580 ConcurrentGCThread "G1 Conc#0" [stack: 0x0000002b43d00000,0x0000002b43e00000] [id=5720]
  0x0000013ab56dfb00 ConcurrentGCThread "G1 Refine#0" [stack: 0x0000002b43e00000,0x0000002b43f00000] [id=8704]
  0x0000013ab56e0430 ConcurrentGCThread "G1 Service" [stack: 0x0000002b43f00000,0x0000002b44000000] [id=19136]

Threads with active compile tasks:

VM state: at safepoint (normal execution)

VM Mutex/Monitor currently owned by a thread:  ([mutex/lock_event])
[0x0000013ab56138a0] Threads_lock - owner thread: 0x0000013ac6ce8810
[0x0000013ab5614aa0] Heap_lock - owner thread: 0x0000013ab56684c0

Heap address: 0x0000000081400000, size: 2028 MB, Compressed Oops mode: 32-bit

CDS archive(s) mapped at: [0x0000000800000000-0x0000000800bc0000-0x0000000800bc0000), size 12320768, SharedBaseAddress: 0x0000000800000000, ArchiveRelocationMode: 0.
Compressed class space mapped at: 0x0000000800c00000-0x0000000840c00000, reserved size: 1073741824
Narrow klass base: 0x0000000800000000, Narrow klass shift: 0, Narrow klass range: 0x100000000

GC Precious Log:
 CPUs: 4 total, 4 available
 Memory: 8107M
 Large Page Support: Disabled
 NUMA Support: Disabled
 Compressed Oops: Enabled (32-bit)
 Heap Region Size: 1M
 Heap Min Capacity: 8M
 Heap Initial Capacity: 128M
 Heap Max Capacity: 2028M
 Pre-touch: Disabled
 Parallel Workers: 4
 Concurrent Workers: 1
 Concurrent Refinement Workers: 4
 Periodic GC: Disabled

Heap:
 garbage-first heap   total 148480K, used 124372K [0x0000000081400000, 0x0000000100000000)
  region size 1024K, 2 young (2048K), 1 survivors (1024K)
 Metaspace       used 37333K, committed 37696K, reserved 1081344K
  class space    used 5255K, committed 5440K, reserved 1048576K

Heap Regions: E=young(eden), S=young(survivor), O=old, HS=humongous(starts), HC=humongous(continues), CS=collection set, F=free, OA=open archive, CA=closed archive, TAMS=top-at-mark-start (previous, next)
|   0|0x0000000081400000, 0x0000000081500000, 0x0000000081500000|100%| O|  |TAMS 0x0000000081500000, 0x0000000081400000| Untracked 
|   1|0x0000000081500000, 0x0000000081600000, 0x0000000081600000|100%| O|  |TAMS 0x0000000081600000, 0x0000000081500000| Untracked 
|   2|0x0000000081600000, 0x0000000081700000, 0x0000000081700000|100%| O|  |TAMS 0x0000000081700000, 0x0000000081600000| Updating 
|   3|0x0000000081700000, 0x0000000081800000, 0x0000000081800000|100%| O|  |TAMS 0x0000000081800000, 0x0000000081700000| Untracked 
|   4|0x0000000081800000, 0x0000000081877000, 0x0000000081900000| 46%| O|  |TAMS 0x0000000081877000, 0x0000000081800000| Updating 
|   5|0x0000000081900000, 0x0000000081a00000, 0x0000000081a00000|100%| O|  |TAMS 0x0000000081a00000, 0x0000000081900000| Untracked 
|   6|0x0000000081a00000, 0x0000000081b00000, 0x0000000081b00000|100%| O|  |TAMS 0x0000000081b00000, 0x0000000081a00000| Untracked 
|   7|0x0000000081b00000, 0x0000000081c00000, 0x0000000081c00000|100%| O|  |TAMS 0x0000000081c00000, 0x0000000081b00000| Updating 
|   8|0x0000000081c00000, 0x0000000081d00000, 0x0000000081d00000|100%| O|  |TAMS 0x0000000081d00000, 0x0000000081c00000| Untracked 
|   9|0x0000000081d00000, 0x0000000081e00000, 0x0000000081e00000|100%| O|  |TAMS 0x0000000081e00000, 0x0000000081d00000| Untracked 
|  10|0x0000000081e00000, 0x0000000081f00000, 0x0000000081f00000|100%| O|  |TAMS 0x0000000081f00000, 0x0000000081e00000| Untracked 
|  11|0x0000000081f00000, 0x0000000082000000, 0x0000000082000000|100%| O|  |TAMS 0x0000000082000000, 0x0000000081f00000| Untracked 
|  12|0x0000000082000000, 0x0000000082100000, 0x0000000082100000|100%| O|  |TAMS 0x0000000082100000, 0x0000000082000000| Updating 
|  13|0x0000000082100000, 0x0000000082200000, 0x0000000082200000|100%| O|  |TAMS 0x0000000082200000, 0x0000000082100000| Updating 
|  14|0x0000000082200000, 0x0000000082300000, 0x0000000082300000|100%| O|  |TAMS 0x0000000082300000, 0x0000000082200000| Updating 
|  15|0x0000000082300000, 0x0000000082400000, 0x0000000082400000|100%| O|  |TAMS 0x0000000082400000, 0x0000000082300000| Updating 
|  16|0x0000000082400000, 0x0000000082500000, 0x0000000082500000|100%| O|  |TAMS 0x0000000082489e00, 0x0000000082400000| Untracked 
|  17|0x0000000082500000, 0x0000000082600000, 0x0000000082600000|100%|HS|  |TAMS 0x0000000082600000, 0x0000000082500000| Complete 
|  18|0x0000000082600000, 0x0000000082700000, 0x0000000082700000|100%|HC|  |TAMS 0x0000000082700000, 0x0000000082600000| Complete 
|  19|0x0000000082700000, 0x0000000082800000, 0x0000000082800000|100%|HC|  |TAMS 0x0000000082800000, 0x0000000082700000| Complete 
|  20|0x0000000082800000, 0x0000000082900000, 0x0000000082900000|100%|HC|  |TAMS 0x0000000082900000, 0x0000000082800000| Complete 
|  21|0x0000000082900000, 0x0000000082a00000, 0x0000000082a00000|100%|HC|  |TAMS 0x0000000082a00000, 0x0000000082900000| Complete 
|  22|0x0000000082a00000, 0x0000000082b00000, 0x0000000082b00000|100%|HC|  |TAMS 0x0000000082b00000, 0x0000000082a00000| Complete 
|  23|0x0000000082b00000, 0x0000000082c00000, 0x0000000082c00000|100%|HC|  |TAMS 0x0000000082c00000, 0x0000000082b00000| Complete 
|  24|0x0000000082c00000, 0x0000000082d00000, 0x0000000082d00000|100%|HC|  |TAMS 0x0000000082d00000, 0x0000000082c00000| Complete 
|  25|0x0000000082d00000, 0x0000000082e00000, 0x0000000082e00000|100%|HC|  |TAMS 0x0000000082e00000, 0x0000000082d00000| Complete 
|  26|0x0000000082e00000, 0x0000000082f00000, 0x0000000082f00000|100%|HC|  |TAMS 0x0000000082f00000, 0x0000000082e00000| Complete 
|  27|0x0000000082f00000, 0x0000000083000000, 0x0000000083000000|100%|HC|  |TAMS 0x0000000083000000, 0x0000000082f00000| Complete 
|  28|0x0000000083000000, 0x0000000083100000, 0x0000000083100000|100%|HC|  |TAMS 0x0000000083100000, 0x0000000083000000| Complete 
|  29|0x0000000083100000, 0x0000000083200000, 0x0000000083200000|100%|HC|  |TAMS 0x0000000083200000, 0x0000000083100000| Complete 
|  30|0x0000000083200000, 0x0000000083300000, 0x0000000083300000|100%|HC|  |TAMS 0x0000000083300000, 0x0000000083200000| Complete 
|  31|0x0000000083300000, 0x0000000083400000, 0x0000000083400000|100%|HC|  |TAMS 0x0000000083400000, 0x0000000083300000| Complete 
|  32|0x0000000083400000, 0x0000000083500000, 0x0000000083500000|100%|HC|  |TAMS 0x0000000083500000, 0x0000000083400000| Complete 
|  33|0x0000000083500000, 0x0000000083600000, 0x0000000083600000|100%|HC|  |TAMS 0x0000000083600000, 0x0000000083500000| Complete 
|  34|0x0000000083600000, 0x0000000083600000, 0x0000000083700000|  0%| F|  |TAMS 0x0000000083600000, 0x0000000083600000| Untracked 
|  35|0x0000000083700000, 0x0000000083700000, 0x0000000083800000|  0%| F|  |TAMS 0x0000000083700000, 0x0000000083700000| Untracked 
|  36|0x0000000083800000, 0x0000000083800000, 0x0000000083900000|  0%| F|  |TAMS 0x0000000083800000, 0x0000000083800000| Untracked 
|  37|0x0000000083900000, 0x0000000083a00000, 0x0000000083a00000|100%|HS|  |TAMS 0x0000000083a00000, 0x0000000083900000| Complete 
|  38|0x0000000083a00000, 0x0000000083b00000, 0x0000000083b00000|100%|HC|  |TAMS 0x0000000083b00000, 0x0000000083a00000| Complete 
|  39|0x0000000083b00000, 0x0000000083c00000, 0x0000000083c00000|100%|HC|  |TAMS 0x0000000083c00000, 0x0000000083b00000| Complete 
|  40|0x0000000083c00000, 0x0000000083d00000, 0x0000000083d00000|100%|HC|  |TAMS 0x0000000083d00000, 0x0000000083c00000| Complete 
|  41|0x0000000083d00000, 0x0000000083e00000, 0x0000000083e00000|100%|HC|  |TAMS 0x0000000083e00000, 0x0000000083d00000| Complete 
|  42|0x0000000083e00000, 0x0000000083f00000, 0x0000000083f00000|100%|HC|  |TAMS 0x0000000083f00000, 0x0000000083e00000| Complete 
|  43|0x0000000083f00000, 0x0000000084000000, 0x0000000084000000|100%|HC|  |TAMS 0x0000000084000000, 0x0000000083f00000| Complete 
|  44|0x0000000084000000, 0x0000000084100000, 0x0000000084100000|100%|HC|  |TAMS 0x0000000084100000, 0x0000000084000000| Complete 
|  45|0x0000000084100000, 0x0000000084200000, 0x0000000084200000|100%|HC|  |TAMS 0x0000000084200000, 0x0000000084100000| Complete 
|  46|0x0000000084200000, 0x0000000084300000, 0x0000000084300000|100%|HC|  |TAMS 0x0000000084300000, 0x0000000084200000| Complete 
|  47|0x0000000084300000, 0x0000000084400000, 0x0000000084400000|100%|HC|  |TAMS 0x0000000084400000, 0x0000000084300000| Complete 
|  48|0x0000000084400000, 0x0000000084500000, 0x0000000084500000|100%|HC|  |TAMS 0x0000000084500000, 0x0000000084400000| Complete 
|  49|0x0000000084500000, 0x0000000084600000, 0x0000000084600000|100%|HC|  |TAMS 0x0000000084600000, 0x0000000084500000| Complete 
|  50|0x0000000084600000, 0x0000000084700000, 0x0000000084700000|100%|HC|  |TAMS 0x0000000084700000, 0x0000000084600000| Complete 
|  51|0x0000000084700000, 0x0000000084800000, 0x0000000084800000|100%|HC|  |TAMS 0x0000000084800000, 0x0000000084700000| Complete 
|  52|0x0000000084800000, 0x0000000084900000, 0x0000000084900000|100%|HC|  |TAMS 0x0000000084900000, 0x0000000084800000| Complete 
|  53|0x0000000084900000, 0x0000000084a00000, 0x0000000084a00000|100%|HC|  |TAMS 0x0000000084a00000, 0x0000000084900000| Complete 
|  54|0x0000000084a00000, 0x0000000084a00000, 0x0000000084b00000|  0%| F|  |TAMS 0x0000000084a00000, 0x0000000084a00000| Untracked 
|  55|0x0000000084b00000, 0x0000000084b00000, 0x0000000084c00000|  0%| F|  |TAMS 0x0000000084b00000, 0x0000000084b00000| Untracked 
|  56|0x0000000084c00000, 0x0000000084c00000, 0x0000000084d00000|  0%| F|  |TAMS 0x0000000084c00000, 0x0000000084c00000| Untracked 
|  57|0x0000000084d00000, 0x0000000084d00000, 0x0000000084e00000|  0%| F|  |TAMS 0x0000000084d00000, 0x0000000084d00000| Untracked 
|  58|0x0000000084e00000, 0x0000000084e00000, 0x0000000084f00000|  0%| F|  |TAMS 0x0000000084e00000, 0x0000000084e00000| Untracked 
|  59|0x0000000084f00000, 0x0000000084f00000, 0x0000000085000000|  0%| F|  |TAMS 0x0000000084f00000, 0x0000000084f00000| Untracked 
|  60|0x0000000085000000, 0x0000000085000000, 0x0000000085100000|  0%| F|  |TAMS 0x0000000085000000, 0x0000000085000000| Untracked 
|  61|0x0000000085100000, 0x0000000085100000, 0x0000000085200000|  0%| F|  |TAMS 0x0000000085100000, 0x0000000085100000| Untracked 
|  62|0x0000000085200000, 0x0000000085200000, 0x0000000085300000|  0%| F|  |TAMS 0x0000000085200000, 0x0000000085200000| Untracked 
|  63|0x0000000085300000, 0x0000000085300000, 0x0000000085400000|  0%| F|  |TAMS 0x0000000085300000, 0x0000000085300000| Untracked 
|  64|0x0000000085400000, 0x0000000085400000, 0x0000000085500000|  0%| F|  |TAMS 0x0000000085400000, 0x0000000085400000| Untracked 
|  65|0x0000000085500000, 0x0000000085500000, 0x0000000085600000|  0%| F|  |TAMS 0x0000000085500000, 0x0000000085500000| Untracked 
|  66|0x0000000085600000, 0x0000000085600000, 0x0000000085700000|  0%| F|  |TAMS 0x0000000085600000, 0x0000000085600000| Untracked 
|  67|0x0000000085700000, 0x0000000085700000, 0x0000000085800000|  0%| F|  |TAMS 0x0000000085700000, 0x0000000085700000| Untracked 
|  68|0x0000000085800000, 0x0000000085800000, 0x0000000085900000|  0%| F|  |TAMS 0x0000000085800000, 0x0000000085800000| Untracked 
|  69|0x0000000085900000, 0x0000000085a00000, 0x0000000085a00000|100%| O|  |TAMS 0x0000000085900000, 0x0000000085900000| Untracked 
|  70|0x0000000085a00000, 0x0000000085b00000, 0x0000000085b00000|100%| O|  |TAMS 0x0000000085a00000, 0x0000000085a00000| Untracked 
|  71|0x0000000085b00000, 0x0000000085ba0c00, 0x0000000085c00000| 62%| O|  |TAMS 0x0000000085b00000, 0x0000000085b00000| Updating 
|  72|0x0000000085c00000, 0x0000000085c00000, 0x0000000085d00000|  0%| F|  |TAMS 0x0000000085c00000, 0x0000000085c00000| Untracked 
|  73|0x0000000085d00000, 0x0000000085d00000, 0x0000000085e00000|  0%| F|  |TAMS 0x0000000085d00000, 0x0000000085d00000| Untracked 
|  74|0x0000000085e00000, 0x0000000085e5d7c8, 0x0000000085f00000| 36%| S|CS|TAMS 0x0000000085e00000, 0x0000000085e00000| Complete 
|  75|0x0000000085f00000, 0x0000000086000000, 0x0000000086000000|100%|HS|  |TAMS 0x0000000085f00000, 0x0000000085f00000| Complete 
|  76|0x0000000086000000, 0x0000000086100000, 0x0000000086100000|100%|HC|  |TAMS 0x0000000086000000, 0x0000000086000000| Complete 
|  77|0x0000000086100000, 0x0000000086200000, 0x0000000086200000|100%|HC|  |TAMS 0x0000000086100000, 0x0000000086100000| Complete 
|  78|0x0000000086200000, 0x0000000086300000, 0x0000000086300000|100%|HC|  |TAMS 0x0000000086200000, 0x0000000086200000| Complete 
|  79|0x0000000086300000, 0x0000000086400000, 0x0000000086400000|100%|HC|  |TAMS 0x0000000086300000, 0x0000000086300000| Complete 
|  80|0x0000000086400000, 0x0000000086500000, 0x0000000086500000|100%|HC|  |TAMS 0x0000000086400000, 0x0000000086400000| Complete 
|  81|0x0000000086500000, 0x0000000086600000, 0x0000000086600000|100%|HC|  |TAMS 0x0000000086500000, 0x0000000086500000| Complete 
|  82|0x0000000086600000, 0x0000000086700000, 0x0000000086700000|100%|HC|  |TAMS 0x0000000086600000, 0x0000000086600000| Complete 
|  83|0x0000000086700000, 0x0000000086800000, 0x0000000086800000|100%|HC|  |TAMS 0x0000000086700000, 0x0000000086700000| Complete 
|  84|0x0000000086800000, 0x0000000086900000, 0x0000000086900000|100%|HC|  |TAMS 0x0000000086800000, 0x0000000086800000| Complete 
|  85|0x0000000086900000, 0x0000000086a00000, 0x0000000086a00000|100%|HC|  |TAMS 0x0000000086900000, 0x0000000086900000| Complete 
|  86|0x0000000086a00000, 0x0000000086b00000, 0x0000000086b00000|100%|HC|  |TAMS 0x0000000086a00000, 0x0000000086a00000| Complete 
|  87|0x0000000086b00000, 0x0000000086c00000, 0x0000000086c00000|100%|HC|  |TAMS 0x0000000086b00000, 0x0000000086b00000| Complete 
|  88|0x0000000086c00000, 0x0000000086d00000, 0x0000000086d00000|100%|HC|  |TAMS 0x0000000086c00000, 0x0000000086c00000| Complete 
|  89|0x0000000086d00000, 0x0000000086e00000, 0x0000000086e00000|100%|HC|  |TAMS 0x0000000086d00000, 0x0000000086d00000| Complete 
|  90|0x0000000086e00000, 0x0000000086f00000, 0x0000000086f00000|100%|HC|  |TAMS 0x0000000086e00000, 0x0000000086e00000| Complete 
|  91|0x0000000086f00000, 0x0000000087000000, 0x0000000087000000|100%|HC|  |TAMS 0x0000000086f00000, 0x0000000086f00000| Complete 
|  92|0x0000000087000000, 0x0000000087100000, 0x0000000087100000|100%|HS|  |TAMS 0x0000000087000000, 0x0000000087000000| Complete 
|  93|0x0000000087100000, 0x0000000087200000, 0x0000000087200000|100%|HC|  |TAMS 0x0000000087100000, 0x0000000087100000| Complete 
|  94|0x0000000087200000, 0x0000000087300000, 0x0000000087300000|100%|HC|  |TAMS 0x0000000087200000, 0x0000000087200000| Complete 
|  95|0x0000000087300000, 0x0000000087400000, 0x0000000087400000|100%|HC|  |TAMS 0x0000000087300000, 0x0000000087300000| Complete 
|  96|0x0000000087400000, 0x0000000087500000, 0x0000000087500000|100%|HC|  |TAMS 0x0000000087400000, 0x0000000087400000| Complete 
|  97|0x0000000087500000, 0x0000000087600000, 0x0000000087600000|100%|HC|  |TAMS 0x0000000087500000, 0x0000000087500000| Complete 
|  98|0x0000000087600000, 0x0000000087700000, 0x0000000087700000|100%|HC|  |TAMS 0x0000000087600000, 0x0000000087600000| Complete 
|  99|0x0000000087700000, 0x0000000087800000, 0x0000000087800000|100%|HC|  |TAMS 0x0000000087700000, 0x0000000087700000| Complete 
| 100|0x0000000087800000, 0x0000000087900000, 0x0000000087900000|100%|HC|  |TAMS 0x0000000087800000, 0x0000000087800000| Complete 
| 101|0x0000000087900000, 0x0000000087a00000, 0x0000000087a00000|100%|HC|  |TAMS 0x0000000087900000, 0x0000000087900000| Complete 
| 102|0x0000000087a00000, 0x0000000087b00000, 0x0000000087b00000|100%|HC|  |TAMS 0x0000000087a00000, 0x0000000087a00000| Complete 
| 103|0x0000000087b00000, 0x0000000087c00000, 0x0000000087c00000|100%|HC|  |TAMS 0x0000000087b00000, 0x0000000087b00000| Complete 
| 104|0x0000000087c00000, 0x0000000087d00000, 0x0000000087d00000|100%|HC|  |TAMS 0x0000000087c00000, 0x0000000087c00000| Complete 
| 105|0x0000000087d00000, 0x0000000087e00000, 0x0000000087e00000|100%|HC|  |TAMS 0x0000000087d00000, 0x0000000087d00000| Complete 
| 106|0x0000000087e00000, 0x0000000087f00000, 0x0000000087f00000|100%|HC|  |TAMS 0x0000000087e00000, 0x0000000087e00000| Complete 
| 107|0x0000000087f00000, 0x0000000088000000, 0x0000000088000000|100%|HC|  |TAMS 0x0000000087f00000, 0x0000000087f00000| Complete 
| 108|0x0000000088000000, 0x0000000088100000, 0x0000000088100000|100%|HC|  |TAMS 0x0000000088000000, 0x0000000088000000| Complete 
| 109|0x0000000088100000, 0x0000000088200000, 0x0000000088200000|100%|HS|  |TAMS 0x0000000088100000, 0x0000000088100000| Complete 
| 110|0x0000000088200000, 0x0000000088300000, 0x0000000088300000|100%|HC|  |TAMS 0x0000000088200000, 0x0000000088200000| Complete 
| 111|0x0000000088300000, 0x0000000088400000, 0x0000000088400000|100%|HC|  |TAMS 0x0000000088300000, 0x0000000088300000| Complete 
| 112|0x0000000088400000, 0x0000000088500000, 0x0000000088500000|100%|HC|  |TAMS 0x0000000088400000, 0x0000000088400000| Complete 
| 113|0x0000000088500000, 0x0000000088600000, 0x0000000088600000|100%|HC|  |TAMS 0x0000000088500000, 0x0000000088500000| Complete 
| 114|0x0000000088600000, 0x0000000088700000, 0x0000000088700000|100%|HC|  |TAMS 0x0000000088600000, 0x0000000088600000| Complete 
| 115|0x0000000088700000, 0x0000000088800000, 0x0000000088800000|100%|HC|  |TAMS 0x0000000088700000, 0x0000000088700000| Complete 
| 116|0x0000000088800000, 0x0000000088900000, 0x0000000088900000|100%|HC|  |TAMS 0x0000000088800000, 0x0000000088800000| Complete 
| 117|0x0000000088900000, 0x0000000088a00000, 0x0000000088a00000|100%|HC|  |TAMS 0x0000000088900000, 0x0000000088900000| Complete 
| 118|0x0000000088a00000, 0x0000000088b00000, 0x0000000088b00000|100%|HC|  |TAMS 0x0000000088a00000, 0x0000000088a00000| Complete 
| 119|0x0000000088b00000, 0x0000000088c00000, 0x0000000088c00000|100%|HC|  |TAMS 0x0000000088b00000, 0x0000000088b00000| Complete 
| 120|0x0000000088c00000, 0x0000000088d00000, 0x0000000088d00000|100%|HC|  |TAMS 0x0000000088c00000, 0x0000000088c00000| Complete 
| 121|0x0000000088d00000, 0x0000000088e00000, 0x0000000088e00000|100%|HC|  |TAMS 0x0000000088d00000, 0x0000000088d00000| Complete 
| 122|0x0000000088e00000, 0x0000000088f00000, 0x0000000088f00000|100%|HC|  |TAMS 0x0000000088e00000, 0x0000000088e00000| Complete 
| 123|0x0000000088f00000, 0x0000000089000000, 0x0000000089000000|100%|HC|  |TAMS 0x0000000088f00000, 0x0000000088f00000| Complete 
| 124|0x0000000089000000, 0x0000000089100000, 0x0000000089100000|100%|HC|  |TAMS 0x0000000089000000, 0x0000000089000000| Complete 
| 125|0x0000000089100000, 0x0000000089200000, 0x0000000089200000|100%|HC|  |TAMS 0x0000000089100000, 0x0000000089100000| Complete 
| 126|0x0000000089200000, 0x0000000089200000, 0x0000000089300000|  0%| F|  |TAMS 0x0000000089200000, 0x0000000089200000| Untracked 
| 127|0x0000000089300000, 0x00000000893b6988, 0x0000000089400000| 71%| E|  |TAMS 0x0000000089300000, 0x0000000089300000| Complete 
| 128|0x0000000089400000, 0x0000000089500000, 0x0000000089500000|100%|HS|  |TAMS 0x0000000089400000, 0x0000000089400000| Complete 
| 129|0x0000000089500000, 0x0000000089600000, 0x0000000089600000|100%|HC|  |TAMS 0x0000000089500000, 0x0000000089500000| Complete 
| 130|0x0000000089600000, 0x0000000089700000, 0x0000000089700000|100%|HC|  |TAMS 0x0000000089600000, 0x0000000089600000| Complete 
| 131|0x0000000089700000, 0x0000000089800000, 0x0000000089800000|100%|HC|  |TAMS 0x0000000089700000, 0x0000000089700000| Complete 
| 132|0x0000000089800000, 0x0000000089900000, 0x0000000089900000|100%|HC|  |TAMS 0x0000000089800000, 0x0000000089800000| Complete 
| 133|0x0000000089900000, 0x0000000089a00000, 0x0000000089a00000|100%|HC|  |TAMS 0x0000000089900000, 0x0000000089900000| Complete 
| 134|0x0000000089a00000, 0x0000000089b00000, 0x0000000089b00000|100%|HC|  |TAMS 0x0000000089a00000, 0x0000000089a00000| Complete 
| 135|0x0000000089b00000, 0x0000000089c00000, 0x0000000089c00000|100%|HC|  |TAMS 0x0000000089b00000, 0x0000000089b00000| Complete 
| 136|0x0000000089c00000, 0x0000000089d00000, 0x0000000089d00000|100%|HC|  |TAMS 0x0000000089c00000, 0x0000000089c00000| Complete 
| 137|0x0000000089d00000, 0x0000000089e00000, 0x0000000089e00000|100%|HC|  |TAMS 0x0000000089d00000, 0x0000000089d00000| Complete 
| 138|0x0000000089e00000, 0x0000000089f00000, 0x0000000089f00000|100%|HC|  |TAMS 0x0000000089e00000, 0x0000000089e00000| Complete 
| 139|0x0000000089f00000, 0x000000008a000000, 0x000000008a000000|100%|HC|  |TAMS 0x0000000089f00000, 0x0000000089f00000| Complete 
| 140|0x000000008a000000, 0x000000008a100000, 0x000000008a100000|100%|HC|  |TAMS 0x000000008a000000, 0x000000008a000000| Complete 
| 141|0x000000008a100000, 0x000000008a200000, 0x000000008a200000|100%|HC|  |TAMS 0x000000008a100000, 0x000000008a100000| Complete 
| 142|0x000000008a200000, 0x000000008a300000, 0x000000008a300000|100%|HC|  |TAMS 0x000000008a200000, 0x000000008a200000| Complete 
| 143|0x000000008a300000, 0x000000008a400000, 0x000000008a400000|100%|HC|  |TAMS 0x000000008a300000, 0x000000008a300000| Complete 
| 144|0x000000008a400000, 0x000000008a500000, 0x000000008a500000|100%|HC|  |TAMS 0x000000008a400000, 0x000000008a400000| Complete 

Card table byte_map: [0x0000013ac0220000,0x0000013ac0620000] _byte_map_base: 0x0000013abfe16000

Marking Bits (Prev, Next): (CMBitMap*) 0x0000013ab5657e50, (CMBitMap*) 0x0000013ab5657e10
 Prev Bits: [0x0000013ac29d0000, 0x0000013ac4980000)
 Next Bits: [0x0000013ac0a20000, 0x0000013ac29d0000)

Polling page: 0x0000013ab4df0000

Metaspace:

Usage:
  Non-class:     31.33 MB used.
      Class:      5.13 MB used.
       Both:     36.46 MB used.

Virtual space:
  Non-class space:       32.00 MB reserved,      31.50 MB ( 98%) committed,  4 nodes.
      Class space:        1.00 GB reserved,       5.31 MB ( <1%) committed,  1 nodes.
             Both:        1.03 GB reserved,      36.81 MB (  3%) committed. 

Chunk freelists:
   Non-Class:  224.00 KB
       Class:  2.58 MB
        Both:  2.80 MB

MaxMetaspaceSize: unlimited
CompressedClassSpaceSize: 1.00 GB
Initial GC threshold: 21.00 MB
Current GC threshold: 59.19 MB
CDS: on
MetaspaceReclaimPolicy: balanced
 - commit_granule_bytes: 65536.
 - commit_granule_words: 8192.
 - virtual_space_node_default_size: 1048576.
 - enlarge_chunks_in_place: 1.
 - new_chunks_are_fully_committed: 0.
 - uncommit_free_chunks: 1.
 - use_allocation_guard: 0.
 - handle_deallocations: 1.


Internal statistics:

num_allocs_failed_limit: 9.
num_arena_births: 378.
num_arena_deaths: 0.
num_vsnodes_births: 5.
num_vsnodes_deaths: 0.
num_space_committed: 589.
num_space_uncommitted: 0.
num_chunks_returned_to_freelist: 9.
num_chunks_taken_from_freelist: 1677.
num_chunk_merges: 9.
num_chunk_splits: 1139.
num_chunks_enlarged: 867.
num_purges: 0.
num_inconsistent_stats: 0.

CodeCache: size=49152Kb used=8367Kb max_used=8367Kb free=40784Kb
 bounds [0x0000013abce20000, 0x0000013abd650000, 0x0000013abfe20000]
 total_blobs=4466 nmethods=3892 adapters=497
 compilation: enabled
              stopped_count=0, restarted_count=0
 full_count=0

Compilation events (20 events):
Event: 5.084 Thread 0x0000013ac6d0ae60 3883       1       java.util.LinkedList::size (5 bytes)
Event: 5.084 Thread 0x0000013ac6d0ae60 nmethod 3883 0x0000013abd648f90 code [0x0000013abd649120, 0x0000013abd6491f8]
Event: 5.084 Thread 0x0000013ac6d0ae60 3884       1       io.netty.buffer.LongPriorityQueue::<init> (13 bytes)
Event: 5.084 Thread 0x0000013ac6d0ae60 nmethod 3884 0x0000013abd649290 code [0x0000013abd649420, 0x0000013abd6495d8]
Event: 5.084 Thread 0x0000013ac6d0ae60 3885       1       io.netty.channel.AbstractChannelHandlerContext::executor (22 bytes)
Event: 5.084 Thread 0x0000013ac6d0ae60 nmethod 3885 0x0000013abd649690 code [0x0000013abd649840, 0x0000013abd649a68]
Event: 5.092 Thread 0x0000013ac7ddf340 3886       1       io.netty.buffer.LongPriorityQueue::isEmpty (13 bytes)
Event: 5.092 Thread 0x0000013ac7ddf340 nmethod 3886 0x0000013abd649c10 code [0x0000013abd649da0, 0x0000013abd649e78]
Event: 5.092 Thread 0x0000013ac7ddf340 3887       1       io.netty.util.internal.shaded.org.jctools.queues.BaseMpscLinkedArrayQueueProducerFields::lvProducerIndex (5 bytes)
Event: 5.092 Thread 0x0000013ac7ddf340 nmethod 3887 0x0000013abd649f10 code [0x0000013abd64a0a0, 0x0000013abd64a178]
Event: 5.104 Thread 0x0000013ac6d0ae60 3888       1       io.netty.util.internal.InternalThreadLocalMap::get (23 bytes)
Event: 5.105 Thread 0x0000013ac6d0ae60 nmethod 3888 0x0000013abd64a210 code [0x0000013abd64a420, 0x0000013abd64acc8]
Event: 5.105 Thread 0x0000013ac6d0ae60 3889       1       io.netty.util.internal.InternalThreadLocalMap::indexedVariable (21 bytes)
Event: 5.105 Thread 0x0000013ac6d0ae60 nmethod 3889 0x0000013abd64b010 code [0x0000013abd64b1a0, 0x0000013abd64b2d8]
Event: 5.107 Thread 0x0000013ac78598c0 3890       1       io.netty.channel.socket.nio.NioSocketChannel::config (5 bytes)
Event: 5.107 Thread 0x0000013ac78598c0 nmethod 3890 0x0000013abd64b390 code [0x0000013abd64b520, 0x0000013abd64b5f8]
Event: 5.109 Thread 0x0000013ac78598c0 3891       1       java.lang.reflect.Field::getType (5 bytes)
Event: 5.109 Thread 0x0000013ac78598c0 nmethod 3891 0x0000013abd64b690 code [0x0000013abd64b820, 0x0000013abd64b8f8]
Event: 5.116 Thread 0x0000013ac6d0ae60 3892       1       java.util.LinkedHashSet::<init> (27 bytes)
Event: 5.116 Thread 0x0000013ac6d0ae60 nmethod 3892 0x0000013abd64b990 code [0x0000013abd64bb60, 0x0000013abd64bd88]

GC Heap History (20 events):
Event: 0.626 GC heap before
{Heap before GC invocations=0 (full 0):
 garbage-first heap   total 131072K, used 12288K [0x0000000081400000, 0x0000000100000000)
  region size 1024K, 13 young (13312K), 0 survivors (0K)
 Metaspace       used 2709K, committed 2816K, reserved 1056768K
  class space    used 328K, committed 384K, reserved 1048576K
}
Event: 0.632 GC heap after
{Heap after GC invocations=1 (full 0):
 garbage-first heap   total 131072K, used 4479K [0x0000000081400000, 0x0000000100000000)
  region size 1024K, 2 young (2048K), 2 survivors (2048K)
 Metaspace       used 2709K, committed 2816K, reserved 1056768K
  class space    used 328K, committed 384K, reserved 1048576K
}
Event: 0.992 GC heap before
{Heap before GC invocations=1 (full 0):
 garbage-first heap   total 131072K, used 14719K [0x0000000081400000, 0x0000000100000000)
  region size 1024K, 12 young (12288K), 2 survivors (2048K)
 Metaspace       used 5095K, committed 5248K, reserved 1056768K
  class space    used 709K, committed 768K, reserved 1048576K
}
Event: 0.997 GC heap after
{Heap after GC invocations=2 (full 0):
 garbage-first heap   total 131072K, used 5562K [0x0000000081400000, 0x0000000100000000)
  region size 1024K, 1 young (1024K), 1 survivors (1024K)
 Metaspace       used 5095K, committed 5248K, reserved 1056768K
  class space    used 709K, committed 768K, reserved 1048576K
}
Event: 1.496 GC heap before
{Heap before GC invocations=2 (full 0):
 garbage-first heap   total 131072K, used 34234K [0x0000000081400000, 0x0000000100000000)
  region size 1024K, 29 young (29696K), 1 survivors (1024K)
 Metaspace       used 12166K, committed 12352K, reserved 1064960K
  class space    used 1632K, committed 1728K, reserved 1048576K
}
Event: 1.500 GC heap after
{Heap after GC invocations=3 (full 0):
 garbage-first heap   total 131072K, used 7001K [0x0000000081400000, 0x0000000100000000)
  region size 1024K, 3 young (3072K), 3 survivors (3072K)
 Metaspace       used 12166K, committed 12352K, reserved 1064960K
  class space    used 1632K, committed 1728K, reserved 1048576K
}
Event: 2.921 GC heap before
{Heap before GC invocations=3 (full 0):
 garbage-first heap   total 131072K, used 56153K [0x0000000081400000, 0x0000000100000000)
  region size 1024K, 53 young (54272K), 3 survivors (3072K)
 Metaspace       used 21256K, committed 21504K, reserved 1073152K
  class space    used 2998K, committed 3136K, reserved 1048576K
}
Event: 2.933 GC heap after
{Heap after GC invocations=4 (full 0):
 garbage-first heap   total 131072K, used 10604K [0x0000000081400000, 0x0000000100000000)
  region size 1024K, 6 young (6144K), 6 survivors (6144K)
 Metaspace       used 21256K, committed 21504K, reserved 1073152K
  class space    used 2998K, committed 3136K, reserved 1048576K
}
Event: 3.736 GC heap before
{Heap before GC invocations=5 (full 0):
 garbage-first heap   total 40960K, used 29036K [0x0000000081400000, 0x0000000100000000)
  region size 1024K, 24 young (24576K), 6 survivors (6144K)
 Metaspace       used 26534K, committed 26752K, reserved 1073152K
  class space    used 3815K, committed 3904K, reserved 1048576K
}
Event: 3.758 GC heap after
{Heap after GC invocations=6 (full 0):
 garbage-first heap   total 40960K, used 13357K [0x0000000081400000, 0x0000000100000000)
  region size 1024K, 3 young (3072K), 3 survivors (3072K)
 Metaspace       used 26534K, committed 26752K, reserved 1073152K
  class space    used 3815K, committed 3904K, reserved 1048576K
}
Event: 4.094 GC heap before
{Heap before GC invocations=6 (full 0):
 garbage-first heap   total 40960K, used 26669K [0x0000000081400000, 0x0000000100000000)
  region size 1024K, 17 young (17408K), 3 survivors (3072K)
 Metaspace       used 28837K, committed 29248K, reserved 1081344K
  class space    used 4161K, committed 4352K, reserved 1048576K
}
Event: 4.104 GC heap after
{Heap after GC invocations=7 (full 0):
 garbage-first heap   total 40960K, used 14378K [0x0000000081400000, 0x0000000100000000)
  region size 1024K, 2 young (2048K), 2 survivors (2048K)
 Metaspace       used 28837K, committed 29248K, reserved 1081344K
  class space    used 4161K, committed 4352K, reserved 1048576K
}
Event: 4.676 GC heap before
{Heap before GC invocations=7 (full 0):
 garbage-first heap   total 40960K, used 27690K [0x0000000081400000, 0x0000000100000000)
  region size 1024K, 16 young (16384K), 2 survivors (2048K)
 Metaspace       used 32153K, committed 32512K, reserved 1081344K
  class space    used 4589K, committed 4736K, reserved 1048576K
}
Event: 4.683 GC heap after
{Heap after GC invocations=8 (full 0):
 garbage-first heap   total 40960K, used 15783K [0x0000000081400000, 0x0000000100000000)
  region size 1024K, 2 young (2048K), 2 survivors (2048K)
 Metaspace       used 32153K, committed 32512K, reserved 1081344K
  class space    used 4589K, committed 4736K, reserved 1048576K
}
Event: 4.880 GC heap before
{Heap before GC invocations=8 (full 0):
 garbage-first heap   total 40960K, used 26023K [0x0000000081400000, 0x0000000100000000)
  region size 1024K, 14 young (14336K), 2 survivors (2048K)
 Metaspace       used 35717K, committed 35968K, reserved 1081344K
  class space    used 5004K, committed 5120K, reserved 1048576K
}
Event: 4.885 GC heap after
{Heap after GC invocations=9 (full 0):
 garbage-first heap   total 49152K, used 17317K [0x0000000081400000, 0x0000000100000000)
  region size 1024K, 2 young (2048K), 2 survivors (2048K)
 Metaspace       used 35717K, committed 35968K, reserved 1081344K
  class space    used 5004K, committed 5120K, reserved 1048576K
}
Event: 5.033 GC heap before
{Heap before GC invocations=10 (full 0):
 garbage-first heap   total 49152K, used 27557K [0x0000000081400000, 0x0000000100000000)
  region size 1024K, 13 young (13312K), 2 survivors (2048K)
 Metaspace       used 37177K, committed 37504K, reserved 1081344K
  class space    used 5227K, committed 5376K, reserved 1048576K
}
Event: 5.037 GC heap after
{Heap after GC invocations=11 (full 0):
 garbage-first heap   total 49152K, used 19459K [0x0000000081400000, 0x0000000100000000)
  region size 1024K, 3 young (3072K), 3 survivors (3072K)
 Metaspace       used 37177K, committed 37504K, reserved 1081344K
  class space    used 5227K, committed 5376K, reserved 1048576K
}
Event: 5.060 GC heap before
{Heap before GC invocations=11 (full 0):
 garbage-first heap   total 62464K, used 54275K [0x0000000081400000, 0x0000000100000000)
  region size 1024K, 4 young (4096K), 3 survivors (3072K)
 Metaspace       used 37177K, committed 37504K, reserved 1081344K
  class space    used 5227K, committed 5376K, reserved 1048576K
}
Event: 5.063 GC heap after
{Heap after GC invocations=12 (full 0):
 garbage-first heap   total 62464K, used 54740K [0x0000000081400000, 0x0000000100000000)
  region size 1024K, 1 young (1024K), 1 survivors (1024K)
 Metaspace       used 37177K, committed 37504K, reserved 1081344K
  class space    used 5227K, committed 5376K, reserved 1048576K
}

Deoptimization events (14 events):
Event: 0.247 Thread 0x0000013ab5617ca0 DEOPT PACKING pc=0x0000013abcfe2a05 sp=0x0000002b43af8a30
Event: 0.247 Thread 0x0000013ab5617ca0 DEOPT UNPACKING pc=0x0000013abce72b43 sp=0x0000002b43af7f90 mode 3
Event: 0.675 Thread 0x0000013ab5617ca0 DEOPT PACKING pc=0x0000013abd162ff5 sp=0x0000002b43afd420
Event: 0.675 Thread 0x0000013ab5617ca0 DEOPT UNPACKING pc=0x0000013abce72b43 sp=0x0000002b43afc890 mode 3
Event: 1.381 Thread 0x0000013ab5617ca0 DEOPT PACKING pc=0x0000013abd28ea99 sp=0x0000002b43afd470
Event: 1.381 Thread 0x0000013ab5617ca0 DEOPT UNPACKING pc=0x0000013abce72b43 sp=0x0000002b43afc950 mode 3
Event: 2.115 Thread 0x0000013ab5617ca0 DEOPT PACKING pc=0x0000013abd2e8fa4 sp=0x0000002b43afd8a0
Event: 2.115 Thread 0x0000013ab5617ca0 DEOPT UNPACKING pc=0x0000013abce72b43 sp=0x0000002b43afcdf8 mode 0
Event: 2.481 Thread 0x0000013ab5617ca0 DEOPT PACKING pc=0x0000013abd426275 sp=0x0000002b43afceb0
Event: 2.481 Thread 0x0000013ab5617ca0 DEOPT UNPACKING pc=0x0000013abce72b43 sp=0x0000002b43afc320 mode 3
Event: 4.656 Thread 0x0000013ac9b52eb0 DEOPT PACKING pc=0x0000013abd2ae401 sp=0x0000002b463fe8b0
Event: 4.656 Thread 0x0000013ac9b52eb0 DEOPT UNPACKING pc=0x0000013abce72b43 sp=0x0000002b463fdd48 mode 3
Event: 4.669 Thread 0x0000013ac9b52040 DEOPT PACKING pc=0x0000013abd20fd9c sp=0x0000002b461facf0
Event: 4.669 Thread 0x0000013ac9b52040 DEOPT UNPACKING pc=0x0000013abce72b43 sp=0x0000002b461fa1b8 mode 0

Classes unloaded (0 events):
No events

Classes redefined (0 events):
No events

Internal exceptions (20 events):
Event: 3.989 Thread 0x0000013ab5617ca0 Exception <a 'java/lang/ClassNotFoundException'{0x000000008328f738}: org/springframework/boot/autoconfigure/web/reactive/WebFluxAutoConfiguration$EnableWebFluxConfigurationCustomizer> (0x000000008328f738) 
thrown [t:\workspace\open\src\hotspot\share\classfile\systemDictionary.cpp, line 256]
Event: 3.989 Thread 0x0000013ab5617ca0 Exception <a 'java/lang/ClassNotFoundException'{0x000000008329c598}: org/springframework/context/ApplicationContextAwareCustomizer> (0x000000008329c598) 
thrown [t:\workspace\open\src\hotspot\share\classfile\systemDictionary.cpp, line 256]
Event: 3.990 Thread 0x0000013ab5617ca0 Exception <a 'java/lang/ClassNotFoundException'{0x00000000832a24e0}: org/springframework/beans/factory/AwareCustomizer> (0x00000000832a24e0) 
thrown [t:\workspace\open\src\hotspot\share\classfile\systemDictionary.cpp, line 256]
Event: 4.043 Thread 0x0000013ab5617ca0 Exception <a 'java/lang/NoSuchMethodError'{0x00000000830f6d48}: 'void java.lang.invoke.DirectMethodHandle$Holder.invokeVirtual(java.lang.Object, java.lang.Object, long)'> (0x00000000830f6d48) 
thrown [t:\workspace\open\src\hotspot\share\interpreter\linkResolver.cpp, line 766]
Event: 4.065 Thread 0x0000013ab5617ca0 Exception <a 'java/lang/IncompatibleClassChangeError'{0x0000000082fd58a8}: Found class java.lang.Object, but interface was expected> (0x0000000082fd58a8) 
thrown [t:\workspace\open\src\hotspot\share\interpreter\linkResolver.cpp, line 833]
Event: 4.140 Thread 0x0000013ab5617ca0 Exception <a 'java/lang/IncompatibleClassChangeError'{0x0000000085e5bf28}: Found class java.lang.Object, but interface was expected> (0x0000000085e5bf28) 
thrown [t:\workspace\open\src\hotspot\share\interpreter\linkResolver.cpp, line 833]
Event: 4.165 Thread 0x0000013ab5617ca0 Exception <a 'java/lang/IncompatibleClassChangeError'{0x0000000085d33d18}: Found class java.lang.Object, but interface was expected> (0x0000000085d33d18) 
thrown [t:\workspace\open\src\hotspot\share\interpreter\linkResolver.cpp, line 833]
Event: 4.197 Thread 0x0000013ab5617ca0 Exception <a 'java/lang/IncompatibleClassChangeError'{0x0000000085cb7ee0}: Found class java.lang.Object, but interface was expected> (0x0000000085cb7ee0) 
thrown [t:\workspace\open\src\hotspot\share\interpreter\linkResolver.cpp, line 833]
Event: 4.388 Thread 0x0000013ab5617ca0 Exception <a 'java/lang/NoSuchMethodError'{0x00000000859b5fc0}: 'java.lang.Object java.lang.invoke.DirectMethodHandle$Holder.newInvokeSpecial(java.lang.Object, java.lang.Object, int, java.lang.Object, java.lang.Object)'> (0x00000000859b5fc0) 
thrown [t:\workspace\open\src\hotspot\share\interpreter\linkResolver.cpp, line 766]
Event: 4.389 Thread 0x0000013ab5617ca0 Exception <a 'java/lang/NoSuchMethodError'{0x00000000859c1810}: 'java.lang.Object java.lang.invoke.DirectMethodHandle$Holder.invokeSpecial(java.lang.Object, java.lang.Object, int, java.lang.Object, int, java.lang.Object)'> (0x00000000859c1810) 
thrown [t:\workspace\open\src\hotspot\share\interpreter\linkResolver.cpp, line 766]
Event: 4.390 Thread 0x0000013ab5617ca0 Exception <a 'java/lang/NoSuchMethodError'{0x00000000859c9638}: 'java.lang.Object java.lang.invoke.DirectMethodHandle$Holder.newInvokeSpecial(java.lang.Object, java.lang.Object, int, java.lang.Object, int)'> (0x00000000859c9638) 
thrown [t:\workspace\open\src\hotspot\share\interpreter\linkResolver.cpp, line 766]
Event: 4.391 Thread 0x0000013ab5617ca0 Exception <a 'java/lang/NoSuchMethodError'{0x00000000859cd738}: 'java.lang.Object java.lang.invoke.DirectMethodHandle$Holder.invokeSpecial(java.lang.Object, java.lang.Object, java.lang.Object, int, java.lang.Object, int)'> (0x00000000859cd738) 
thrown [t:\workspace\open\src\hotspot\share\interpreter\linkResolver.cpp, line 766]
Event: 4.419 Thread 0x0000013ab5617ca0 Exception <a 'java/lang/UnsatisfiedLinkError'{0x00000000834c3870}: 'int io.netty.channel.epoll.Native.offsetofEpollData()'> (0x00000000834c3870) 
thrown [t:\workspace\open\src\hotspot\share\prims\nativeLookup.cpp, line 543]
Event: 4.419 Thread 0x0000013ab5617ca0 Exception <a 'java/lang/ExceptionInInitializerError'{0x00000000834c4d98}> (0x00000000834c4d98) 
thrown [t:\workspace\open\src\hotspot\share\oops\instanceKlass.cpp, line 1168]
Event: 4.443 Thread 0x0000013ab5617ca0 Exception <a 'java/lang/NoSuchMethodError'{0x000000008339a228}: 'java.lang.Object java.lang.invoke.DirectMethodHandle$Holder.newInvokeSpecial(java.lang.Object, java.lang.Object, int, java.lang.Object)'> (0x000000008339a228) 
thrown [t:\workspace\open\src\hotspot\share\interpreter\linkResolver.cpp, line 766]
Event: 4.443 Thread 0x0000013ab5617ca0 Exception <a 'java/lang/NoSuchMethodError'{0x000000008339ddf0}: 'java.lang.Object java.lang.invoke.Invokers$Holder.linkToTargetMethod(java.lang.Object, int, java.lang.Object, java.lang.Object)'> (0x000000008339ddf0) 
thrown [t:\workspace\open\src\hotspot\share\interpreter\linkResolver.cpp, line 766]
Event: 4.663 Thread 0x0000013ac9b52040 Exception <a 'sun/nio/fs/WindowsException'{0x0000000082fdfe90}> (0x0000000082fdfe90) 
thrown [t:\workspace\open\src\hotspot\share\prims\jni.cpp, line 516]
Event: 4.674 Thread 0x0000013ac9b52040 Exception <a 'java/lang/NoSuchMethodError'{0x0000000082ee2560}: 'int java.lang.invoke.DirectMethodHandle$Holder.invokeStaticInit(java.lang.Object, java.lang.Object, java.lang.Object, java.lang.Object)'> (0x0000000082ee2560) 
thrown [t:\workspace\open\src\hotspot\share\interpreter\linkResolver.cpp, line 766]
Event: 4.771 Thread 0x0000013ac9b55060 Exception <a 'java/lang/NoSuchMethodError'{0x0000000085a54378}: 'java.lang.Object java.lang.invoke.DirectMethodHandle$Holder.invokeStaticInit(java.lang.Object, java.lang.Object, java.lang.Object, java.lang.Object)'> (0x0000000085a54378) 
thrown [t:\workspace\open\src\hotspot\share\interpreter\linkResolver.cpp, line 766]
Event: 4.896 Thread 0x0000013ac9b55060 Exception <a 'java/lang/NoSuchMethodError'{0x000000008934c8a0}: 'void java.lang.invoke.DirectMethodHandle$Holder.invokeStaticInit(java.lang.Object)'> (0x000000008934c8a0) 
thrown [t:\workspace\open\src\hotspot\share\interpreter\linkResolver.cpp, line 766]

VM Operations (20 events):
Event: 4.885 Executing VM operation: CollectForMetadataAllocation done
Event: 4.912 Executing VM operation: CollectForMetadataAllocation
Event: 4.913 Executing VM operation: CollectForMetadataAllocation done
Event: 4.916 Executing VM operation: G1Concurrent
Event: 4.918 Executing VM operation: G1Concurrent done
Event: 4.944 Executing VM operation: G1Concurrent
Event: 4.945 Executing VM operation: G1Concurrent done
Event: 4.948 Executing VM operation: HandshakeAllThreads
Event: 4.948 Executing VM operation: HandshakeAllThreads done
Event: 5.033 Executing VM operation: G1TryInitiateConcMark
Event: 5.038 Executing VM operation: G1TryInitiateConcMark done
Event: 5.038 Executing VM operation: G1TryInitiateConcMark
Event: 5.064 Executing VM operation: G1TryInitiateConcMark done
Event: 5.118 Executing VM operation: HandshakeAllThreads
Event: 5.118 Executing VM operation: HandshakeAllThreads done
Event: 5.119 Executing VM operation: HandshakeAllThreads
Event: 5.119 Executing VM operation: HandshakeAllThreads done
Event: 5.119 Executing VM operation: HandshakeAllThreads
Event: 5.119 Executing VM operation: HandshakeAllThreads done
Event: 5.119 Executing VM operation: G1Concurrent

Events (20 events):
Event: 5.025 loading class sun/security/ssl/KeyShareExtension$CHKeyShareSpec
Event: 5.025 loading class sun/security/ssl/KeyShareExtension$CHKeyShareSpec done
Event: 5.025 loading class sun/security/ssl/SSLEngineOutputRecord$HandshakeFragment
Event: 5.026 loading class sun/security/ssl/SSLEngineOutputRecord$HandshakeFragment done
Event: 5.026 loading class sun/security/ssl/SSLEngineOutputRecord$HandshakeMemo
Event: 5.026 loading class sun/security/ssl/SSLEngineOutputRecord$RecordMemo
Event: 5.026 loading class sun/security/ssl/SSLEngineOutputRecord$RecordMemo done
Event: 5.026 loading class sun/security/ssl/SSLEngineOutputRecord$HandshakeMemo done
Event: 5.026 loading class sun/security/ssl/ContentType
Event: 5.026 loading class sun/security/ssl/ContentType done
Event: 5.080 loading class sun/security/ssl/OutputRecord$T13PaddingHolder
Event: 5.080 loading class sun/security/ssl/OutputRecord$T13PaddingHolder done
Event: 5.080 loading class sun/security/ssl/Ciphertext
Event: 5.080 loading class sun/security/ssl/Ciphertext done
Event: 5.080 loading class sun/security/ssl/PostHandshakeContext
Event: 5.080 loading class sun/security/ssl/PostHandshakeContext done
Event: 5.081 loading class javax/net/ssl/SSLEngineResult$Status
Event: 5.081 loading class javax/net/ssl/SSLEngineResult$Status done
Event: 5.081 loading class javax/net/ssl/SSLEngineResult
Event: 5.081 loading class javax/net/ssl/SSLEngineResult done


Dynamic libraries:
0x00007ff6820b0000 - 0x00007ff6820c0000 	C:\Program Files\Java\jdk-17.0.1\bin\java.exe
0x00007ff8927f0000 - 0x00007ff8929e5000 	C:\WINDOWS\SYSTEM32\ntdll.dll
0x00007ff8914f0000 - 0x00007ff8915ae000 	C:\WINDOWS\System32\KERNEL32.DLL
0x00007ff8900e0000 - 0x00007ff8903a8000 	C:\WINDOWS\System32\KERNELBASE.dll
0x00007ff8903b0000 - 0x00007ff8904b0000 	C:\WINDOWS\System32\ucrtbase.dll
0x00007ff85b640000 - 0x00007ff85b658000 	C:\Program Files\Java\jdk-17.0.1\bin\jli.dll
0x00007ff8921e0000 - 0x00007ff89228c000 	C:\WINDOWS\System32\ADVAPI32.dll
0x00007ff8913d0000 - 0x00007ff89146e000 	C:\WINDOWS\System32\msvcrt.dll
0x00007ff891ef0000 - 0x00007ff891f8b000 	C:\WINDOWS\System32\sechost.dll
0x00007ff891060000 - 0x00007ff89118a000 	C:\WINDOWS\System32\RPCRT4.dll
0x00007ff892000000 - 0x00007ff8921a1000 	C:\WINDOWS\System32\USER32.dll
0x00007ff8904b0000 - 0x00007ff8904d2000 	C:\WINDOWS\System32\win32u.dll
0x00007ff8921b0000 - 0x00007ff8921db000 	C:\WINDOWS\System32\GDI32.dll
0x00007ff88ffd0000 - 0x00007ff8900db000 	C:\WINDOWS\System32\gdi32full.dll
0x00007ff890640000 - 0x00007ff8906dd000 	C:\WINDOWS\System32\msvcp_win.dll
0x00007ff85b660000 - 0x00007ff85b67a000 	C:\Program Files\Java\jdk-17.0.1\bin\VCRUNTIME140.dll
0x00007ff8771f0000 - 0x00007ff87748a000 	C:\WINDOWS\WinSxS\amd64_microsoft.windows.common-controls_6595b64144ccf1df_6.0.19041.1110_none_60b5254171f9507e\COMCTL32.dll
0x00007ff889150000 - 0x00007ff88915a000 	C:\WINDOWS\SYSTEM32\VERSION.dll
0x00007ff891340000 - 0x00007ff891370000 	C:\WINDOWS\System32\IMM32.DLL
0x00007ff877540000 - 0x00007ff87754c000 	C:\Program Files\Java\jdk-17.0.1\bin\vcruntime140_1.dll
0x00007ff83a310000 - 0x00007ff83a39d000 	C:\Program Files\Java\jdk-17.0.1\bin\msvcp140.dll
0x00007ff833ef0000 - 0x00007ff834aae000 	C:\Program Files\Java\jdk-17.0.1\bin\server\jvm.dll
0x00007ff891050000 - 0x00007ff891058000 	C:\WINDOWS\System32\PSAPI.DLL
0x00007ff877490000 - 0x00007ff877499000 	C:\WINDOWS\SYSTEM32\WSOCK32.dll
0x00007ff891670000 - 0x00007ff8916db000 	C:\WINDOWS\System32\WS2_32.dll
0x00007ff872630000 - 0x00007ff872657000 	C:\WINDOWS\SYSTEM32\WINMM.dll
0x00007ff88ea00000 - 0x00007ff88ea12000 	C:\WINDOWS\SYSTEM32\kernel.appcore.dll
0x00007ff876d70000 - 0x00007ff876d7a000 	C:\Program Files\Java\jdk-17.0.1\bin\jimage.dll
0x00007ff88e4b0000 - 0x00007ff88e694000 	C:\WINDOWS\SYSTEM32\DBGHELP.DLL
0x00007ff871580000 - 0x00007ff8715ac000 	C:\WINDOWS\SYSTEM32\dbgcore.DLL
0x00007ff88ff10000 - 0x00007ff88ff93000 	C:\WINDOWS\System32\bcryptPrimitives.dll
0x00007ff85b330000 - 0x00007ff85b355000 	C:\Program Files\Java\jdk-17.0.1\bin\java.dll
0x00007ff83a080000 - 0x00007ff83a156000 	C:\Program Files\Java\jdk-17.0.1\bin\svml.dll
0x00007ff891700000 - 0x00007ff891e3f000 	C:\WINDOWS\System32\SHELL32.dll
0x00007ff88dd10000 - 0x00007ff88e4a0000 	C:\WINDOWS\SYSTEM32\windows.storage.dll
0x00007ff892290000 - 0x00007ff8925e5000 	C:\WINDOWS\System32\combase.dll
0x00007ff88f960000 - 0x00007ff88f98e000 	C:\WINDOWS\SYSTEM32\Wldp.dll
0x00007ff891e40000 - 0x00007ff891eed000 	C:\WINDOWS\System32\SHCORE.dll
0x00007ff891610000 - 0x00007ff891665000 	C:\WINDOWS\System32\shlwapi.dll
0x00007ff88fe50000 - 0x00007ff88fe6f000 	C:\WINDOWS\SYSTEM32\profapi.dll
0x00007ff853740000 - 0x00007ff853759000 	C:\Program Files\Java\jdk-17.0.1\bin\net.dll
0x00007ff882670000 - 0x00007ff88277c000 	C:\WINDOWS\SYSTEM32\WINHTTP.dll
0x00007ff88f6c0000 - 0x00007ff88f72a000 	C:\WINDOWS\system32\mswsock.dll
0x00007ff853720000 - 0x00007ff853735000 	C:\Program Files\Java\jdk-17.0.1\bin\nio.dll
0x00007ff853270000 - 0x00007ff853288000 	C:\Program Files\Java\jdk-17.0.1\bin\zip.dll
0x00007ff878260000 - 0x00007ff878270000 	C:\Program Files\Java\jdk-17.0.1\bin\verify.dll
0x00007ff88ccc0000 - 0x00007ff88ccc9000 	C:\Program Files\Java\jdk-17.0.1\bin\management.dll
0x00007ff88bb40000 - 0x00007ff88bb4b000 	C:\Program Files\Java\jdk-17.0.1\bin\management_ext.dll
0x00007ff85e830000 - 0x00007ff85e847000 	C:\WINDOWS\system32\napinsp.dll
0x00007ff85c590000 - 0x00007ff85c5ab000 	C:\WINDOWS\system32\pnrpnsp.dll
0x00007ff88a010000 - 0x00007ff88a025000 	C:\WINDOWS\system32\wshbth.dll
0x00007ff88c800000 - 0x00007ff88c81d000 	C:\WINDOWS\system32\NLAapi.dll
0x00007ff88f360000 - 0x00007ff88f39b000 	C:\WINDOWS\SYSTEM32\IPHLPAPI.DLL
0x00007ff88f3a0000 - 0x00007ff88f46b000 	C:\WINDOWS\SYSTEM32\DNSAPI.dll
0x00007ff890bc0000 - 0x00007ff890bc8000 	C:\WINDOWS\System32\NSI.dll
0x00007ff85c420000 - 0x00007ff85c432000 	C:\WINDOWS\System32\winrnr.dll
0x00007ff884140000 - 0x00007ff88414a000 	C:\Windows\System32\rasadhlp.dll
0x00007ff880790000 - 0x00007ff88080f000 	C:\WINDOWS\System32\fwpuclnt.dll
0x00007ff88ffa0000 - 0x00007ff88ffc7000 	C:\WINDOWS\System32\bcrypt.dll
0x00007ff8777f0000 - 0x00007ff8777fe000 	C:\Program Files\Java\jdk-17.0.1\bin\sunmscapi.dll
0x00007ff8906e0000 - 0x00007ff890836000 	C:\WINDOWS\System32\CRYPT32.dll
0x00007ff88f9d0000 - 0x00007ff88f9f7000 	C:\WINDOWS\SYSTEM32\ncrypt.dll
0x00007ff88f990000 - 0x00007ff88f9cb000 	C:\WINDOWS\SYSTEM32\NTASN1.dll
0x00007ff8885c0000 - 0x00007ff8885c7000 	C:\WINDOWS\system32\wshunix.dll
0x00007ff88f8c0000 - 0x00007ff88f8d8000 	C:\WINDOWS\SYSTEM32\CRYPTSP.dll
0x00007ff88efd0000 - 0x00007ff88f004000 	C:\WINDOWS\system32\rsaenh.dll
0x00007ff88fe10000 - 0x00007ff88fe3e000 	C:\WINDOWS\SYSTEM32\USERENV.dll
0x00007ff88f8b0000 - 0x00007ff88f8bc000 	C:\WINDOWS\SYSTEM32\CRYPTBASE.dll
0x00007ff888130000 - 0x00007ff888147000 	C:\WINDOWS\SYSTEM32\dhcpcsvc6.DLL
0x00007ff888150000 - 0x00007ff88816d000 	C:\WINDOWS\SYSTEM32\dhcpcsvc.DLL

dbghelp: loaded successfully - version: 4.0.5 - missing functions: none
symbol engine: initialized successfully - sym options: 0x614 - pdb path: .;C:\Program Files\Java\jdk-17.0.1\bin;C:\WINDOWS\SYSTEM32;C:\WINDOWS\WinSxS\amd64_microsoft.windows.common-controls_6595b64144ccf1df_6.0.19041.1110_none_60b5254171f9507e;C:\Program Files\Java\jdk-17.0.1\bin\server

VM Arguments:
jvm_args: -XX:TieredStopAtLevel=1 
java_command: co.com.sofka.calendar.CalendarApplication
java_class_path (initial): C:\DojoReactive\calendar-sofkau\target\classes;C:\Users\Alejandro\.m2\repository\org\springframework\boot\spring-boot\2.6.1\spring-boot-2.6.1.jar;C:\Users\Alejandro\.m2\repository\org\springframework\boot\spring-boot-autoconfigure\2.6.1\spring-boot-autoconfigure-2.6.1.jar;C:\Users\Alejandro\.m2\repository\ch\qos\logback\logback-classic\1.2.7\logback-classic-1.2.7.jar;C:\Users\Alejandro\.m2\repository\ch\qos\logback\logback-core\1.2.7\logback-core-1.2.7.jar;C:\Users\Alejandro\.m2\repository\org\apache\logging\log4j\log4j-to-slf4j\2.14.1\log4j-to-slf4j-2.14.1.jar;C:\Users\Alejandro\.m2\repository\org\apache\logging\log4j\log4j-api\2.14.1\log4j-api-2.14.1.jar;C:\Users\Alejandro\.m2\repository\org\slf4j\jul-to-slf4j\1.7.32\jul-to-slf4j-1.7.32.jar;C:\Users\Alejandro\.m2\repository\jakarta\annotation\jakarta.annotation-api\1.3.5\jakarta.annotation-api-1.3.5.jar;C:\Users\Alejandro\.m2\repository\org\yaml\snakeyaml\1.29\snakeyaml-1.29.jar;C:\Users\Alejandro\.m2\repository\io\projectreactor\reactor-core\3.4.12\reactor-core-3.4.12.jar;C:\Users\Alejandro\.m2\repository\org\reactivestreams\reactive-streams\1.0.3\reactive-streams-1.0.3.jar;C:\Users\Alejandro\.m2\repository\org\mongodb\mongodb-driver-reactivestreams\4.4.0\mongodb-driver-reactivestreams-4.4.0.jar;C:\Users\Alejandro\.m2\repository\org\mongodb\bson\4.4.0\bson-4.4.0.jar;C:\Users\Alejandro\.m2\repository\org\mongodb\mongodb-driver-core\4.4.0\mongodb-driver-core-4.4.0.jar;C:\Users\Alejandro\.m2\repository\org\springframework\data\spring-data-mongodb\3.3.0\spring-data-mongodb-3.3.0.jar;C:\Users\Alejandro\.m2\repository\org\springframework\spring-tx\5.3.13\spring-tx-5.3.13.jar;C:\Users\Alejandro\.m2\repository\org\springframework\spring-context\5.3.13\spring-context-5.3.13.jar;C:\Users\Alejandro\.m2\repository\org\springframework\spring-aop\5.3.13\spring-aop-5.3.13.jar;C:\Users\Alejandro\.m2\repository\org\springframework\spring-beans\5.3.13\spring-beans-5.3.13.jar;C:\Users\Alejandro\.m2\repo
Launcher Type: SUN_STANDARD

[Global flags]
     intx CICompilerCount                          = 3                                         {product} {ergonomic}
     uint ConcGCThreads                            = 1                                         {product} {ergonomic}
     uint G1ConcRefinementThreads                  = 4                                         {product} {ergonomic}
   size_t G1HeapRegionSize                         = 1048576                                   {product} {ergonomic}
    uintx GCDrainStackTargetSize                   = 64                                        {product} {ergonomic}
   size_t InitialHeapSize                          = 134217728                                 {product} {ergonomic}
   size_t MarkStackSize                            = 4194304                                   {product} {ergonomic}
   size_t MaxHeapSize                              = 2126512128                                {product} {ergonomic}
   size_t MaxNewSize                               = 1275068416                                {product} {ergonomic}
   size_t MinHeapDeltaBytes                        = 1048576                                   {product} {ergonomic}
   size_t MinHeapSize                              = 8388608                                   {product} {ergonomic}
    uintx NonProfiledCodeHeapSize                  = 0                                      {pd product} {ergonomic}
     bool ProfileInterpreter                       = false                                  {pd product} {command line}
    uintx ProfiledCodeHeapSize                     = 0                                      {pd product} {ergonomic}
   size_t SoftMaxHeapSize                          = 2126512128                             {manageable} {ergonomic}
     intx TieredStopAtLevel                        = 1                                         {product} {command line}
     bool UseCompressedClassPointers               = true                           {product lp64_product} {ergonomic}
     bool UseCompressedOops                        = true                           {product lp64_product} {ergonomic}
     bool UseG1GC                                  = true                                      {product} {ergonomic}
     bool UseLargePagesIndividualAllocation        = false                                  {pd product} {ergonomic}

Logging:
Log output configuration:
 #0: stdout all=warning uptime,level,tags
 #1: stderr all=off uptime,level,tags

Environment Variables:
JAVA_HOME=C:\Program Files\Java\jdk-17.0.1
PATH=C:\Program Files\Common Files\Oracle\Java\javapath;C:\Program Files\Eclipse Adoptium\jdk-17.0.1.12-hotspot\bin;C:\Program Files (x86)\Common Files\Oracle\Java\javapath;C:\windows\system32;C:\windows;C:\windows\System32\Wbem;C:\windows\System32\WindowsPowerShell\v1.0\;C:\Program Files\Java\jdk-17.0.1\bin;C:\windows\System32\OpenSSH\;C:\Program Files (x86)\NVIDIA Corporation\PhysX\Common;C:\WINDOWS\system32;C:\WINDOWS;C:\WINDOWS\System32\Wbem;C:\WINDOWS\System32\WindowsPowerShell\v1.0\;C:\WINDOWS\System32\OpenSSH\;C:\Program Files\Microsoft SQL Server\Client SDK\ODBC\170\Tools\Binn\;C:\Program Files (x86)\Microsoft SQL Server\150\Tools\Binn\;C:\Program Files\Microsoft SQL Server\150\Tools\Binn\;C:\Program Files\Microsoft SQL Server\150\DTS\Binn\;C:\Program Files (x86)\Microsoft SQL Server\150\DTS\Binn\;C:\Program Files\dotnet\;C:\Program Files\Microsoft SQL Server\130\Tools\Binn\;C:\Users\Alejandro\AppData\Local\Android\Sdk\emulator;C:\Users\Alejandro\AppData\Local\Android\Sdk\platform-tools;C:\Program Files\Git\cmd;C:\xampp\php;C:\ProgramData\ComposerSetup\bin;C:\Program Files\nodejs\;C:\Program Files\MySQL\MySQL Shell 8.0\bin\;C:\Users\Alejandro\AppData\Local\Microsoft\WindowsApps;C:\Users\Alejandro\.dotnet\tools;C:\Users\Alejandro\AppData\Roaming\Composer\vendor\bin;C:\Program Files\heroku\bin;C:\Users\Alejandro\AppData\Roaming\npm;C:\apache-maven-3.8.4\bin;";C:\apache-maven-3.8.4\bin;";";%Java%\bin;";
USERNAME=Alejandro
OS=Windows_NT
PROCESSOR_IDENTIFIER=Intel64 Family 6 Model 142 Stepping 9, GenuineIntel



---------------  S Y S T E M  ---------------

OS:
 Windows 10 , 64 bit Build 19041 (10.0.19041.1348)
OS uptime: 4 days 23:57 hours

CPU: total 4 (initial active 4) (2 cores per cpu, 2 threads per core) family 6 model 142 stepping 9 microcode 0xb4, cx8, cmov, fxsr, ht, mmx, 3dnowpref, sse, sse2, sse3, ssse3, sse4.1, sse4.2, popcnt, lzcnt, tsc, tscinvbit, avx, avx2, aes, erms, clmul, bmi1, bmi2, adx, fma, vzeroupper, clflush, clflushopt

Memory: 4k page, system-wide physical 8107M (566M free)
TotalPageFile size 11925M (AvailPageFile size 22M)
current process WorkingSet (physical memory assigned to process): 350M, peak: 350M
current process commit charge ("private bytes"): 408M, peak: 470M

vm_info: Java HotSpot(TM) 64-Bit Server VM (17.0.1+12-LTS-39) for windows-amd64 JRE (17.0.1+12-LTS-39), built on Sep 27 2021 18:41:35 by "mach5one" with MS VC++ 16.8 (VS2019)

END.
